<?xml version="1.0" encoding="UTF-8"?>
<!-- Generated by org.testng.reporters.JUnitXMLReporter -->
<testsuite hostname="lenovo" ignored="0" name="Default test" tests="3" failures="0" timestamp="2019-10-15T15:27:29 GMT-12:00" time="19.7" errors="0">
  <testcase name="verifyValid" time="3.726" classname="com.crm.LoginTest.VerifycrmLogin"/>
  <testcase name="openCampingPage" time="1.729" classname="com.crm.LoginTest.VerifycrmLogin"/>
  <testcase name="openNewCampaign" time="7.555" classname="com.crm.LoginTest.VerifycrmLogin"/>
</testsuite> <!-- Default test -->
